<?xml version="1.0" encoding="UTF-8"?>
<testng-results skipped="0" failed="0" ignored="0" total="1" passed="1">
  <reporter-output>
  </reporter-output>
  <suite name="Command line suite" duration-ms="11" started-at="2019-11-24T16:52:02Z" finished-at="2019-11-24T16:52:02Z">
    <groups>
    </groups>
    <test name="Command line test" duration-ms="11" started-at="2019-11-24T16:52:02Z" finished-at="2019-11-24T16:52:02Z">
      <class name="com.technoctaftAutomation.app.AppTest">
        <test-method status="PASS" signature="testApp()[pri:0, instance:testApp(com.technoctaftAutomation.app.AppTest)]" name="testApp" duration-ms="1" started-at="2019-11-24T16:52:02Z" finished-at="2019-11-24T16:52:02Z">
          <reporter-output>
          </reporter-output>
        </test-method> <!-- testApp -->
      </class> <!-- com.technoctaftAutomation.app.AppTest -->
    </test> <!-- Command line test -->
  </suite> <!-- Command line suite -->
</testng-results>
