<?xml version="1.0" encoding="UTF-8"?>
<testng-results skipped="0" failed="0" ignored="0" total="4" passed="4">
  <reporter-output>
  </reporter-output>
  <suite name="Command line suite" duration-ms="32259" started-at="2019-11-24T16:51:29Z" finished-at="2019-11-24T16:52:02Z">
    <groups>
    </groups>
    <test name="Command line test" duration-ms="32259" started-at="2019-11-24T16:51:29Z" finished-at="2019-11-24T16:52:02Z">
      <class name="tests.EaAppLoginTest">
        <test-method status="PASS" signature="StartUp()[pri:0, instance:tests.EaAppLoginTest@42d3bd8b]" name="StartUp" is-config="true" duration-ms="23036" started-at="2019-11-24T16:51:29Z" finished-at="2019-11-24T16:51:52Z">
          <reporter-output>
          </reporter-output>
        </test-method> <!-- StartUp -->
        <test-method status="PASS" signature="LoginClick()[pri:0, instance:tests.EaAppLoginTest@42d3bd8b]" name="LoginClick" duration-ms="755" started-at="2019-11-24T16:51:52Z" finished-at="2019-11-24T16:51:53Z">
          <reporter-output>
          </reporter-output>
        </test-method> <!-- LoginClick -->
        <test-method status="PASS" signature="InvalidLoginEA(java.lang.String, java.lang.String)[pri:0, instance:tests.EaAppLoginTest@42d3bd8b]" name="InvalidLoginEA" duration-ms="1598" started-at="2019-11-24T16:51:53Z" data-provider="GetData" depends-on-methods="tests.EaAppLoginTest.LoginClick" finished-at="2019-11-24T16:51:55Z">
          <params>
            <param index="0">
              <value>
                <![CDATA[FisrtUserName]]>
              </value>
            </param>
            <param index="1">
              <value>
                <![CDATA[FirstPassword]]>
              </value>
            </param>
          </params>
          <reporter-output>
          </reporter-output>
        </test-method> <!-- InvalidLoginEA -->
        <test-method status="PASS" signature="InvalidLoginEA(java.lang.String, java.lang.String)[pri:0, instance:tests.EaAppLoginTest@42d3bd8b]" name="InvalidLoginEA" duration-ms="3452" started-at="2019-11-24T16:51:55Z" data-provider="GetData" depends-on-methods="tests.EaAppLoginTest.LoginClick" finished-at="2019-11-24T16:51:58Z">
          <params>
            <param index="0">
              <value>
                <![CDATA[SeconedUserName]]>
              </value>
            </param>
            <param index="1">
              <value>
                <![CDATA[SecondPassword]]>
              </value>
            </param>
          </params>
          <reporter-output>
          </reporter-output>
        </test-method> <!-- InvalidLoginEA -->
        <test-method status="PASS" signature="InvalidLoginEA(java.lang.String, java.lang.String)[pri:0, instance:tests.EaAppLoginTest@42d3bd8b]" name="InvalidLoginEA" duration-ms="3343" started-at="2019-11-24T16:51:58Z" data-provider="GetData" depends-on-methods="tests.EaAppLoginTest.LoginClick" finished-at="2019-11-24T16:52:02Z">
          <params>
            <param index="0">
              <value>
                <![CDATA[ThirdUserName]]>
              </value>
            </param>
            <param index="1">
              <value>
                <![CDATA[ThirdPassword]]>
              </value>
            </param>
          </params>
          <reporter-output>
          </reporter-output>
        </test-method> <!-- InvalidLoginEA -->
      </class> <!-- tests.EaAppLoginTest -->
    </test> <!-- Command line test -->
  </suite> <!-- Command line suite -->
</testng-results>
