<?xml version="1.0" encoding="UTF-8"?>
<!-- Generated by org.testng.reporters.JUnitXMLReporter -->
<testsuite hostname="DESKTOP-2C5JRB1" ignored="0" name="Command line test" tests="4" failures="0" timestamp="24 Nov 2019 16:52:02 GMT" time="32.259" errors="0">
  <testcase name="LoginClick" time="0.755" classname="tests.EaAppLoginTest"/>
  <testcase name="InvalidLoginEA" time="1.598" classname="tests.EaAppLoginTest"/>
  <testcase name="InvalidLoginEA" time="3.452" classname="tests.EaAppLoginTest"/>
  <testcase name="InvalidLoginEA" time="3.343" classname="tests.EaAppLoginTest"/>
</testsuite> <!-- Command line test -->
